[10:27:13] [Client thread/INFO]: Setting user: Player679
[10:27:16] [Client thread/WARN]: Skipping bad option: lastServer:
[10:27:16] [Client thread/INFO]: LWJGL Version: 2.9.4
[10:27:19] [Client thread/INFO]: Reloading ResourceManager: Default, FMLFileResourcePack:Forge Mod Loader, FMLFileResourcePack:Minecraft Forge, FMLFileResourcePack:JroticaG's JMod
[10:27:22] [Sound Library Loader/INFO]: Starting up SoundSystem...
[10:27:22] [Thread-8/INFO]: Initializing LWJGL OpenAL
[10:27:22] [Thread-8/INFO]: (The LWJGL binding of OpenAL.  For more information, see http://www.lwjgl.org)
[10:27:22] [Thread-8/INFO]: OpenAL initialized.
[10:27:22] [Sound Library Loader/INFO]: Sound engine started
[10:27:25] [Client thread/INFO]: Created: 16x16 textures-atlas
[10:27:26] [Client thread/INFO]: Reloading ResourceManager: Default, FMLFileResourcePack:Forge Mod Loader, FMLFileResourcePack:Minecraft Forge, FMLFileResourcePack:JroticaG's JMod
[10:27:28] [Client thread/INFO]: SoundSystem shutting down...
[10:27:28] [Client thread/WARN]: Author: Paul Lamb, www.paulscode.com
[10:27:28] [Sound Library Loader/INFO]: Starting up SoundSystem...
[10:27:29] [Thread-10/INFO]: Initializing LWJGL OpenAL
[10:27:29] [Thread-10/INFO]: (The LWJGL binding of OpenAL.  For more information, see http://www.lwjgl.org)
[10:27:29] [Thread-10/INFO]: OpenAL initialized.
[10:27:29] [Sound Library Loader/INFO]: Sound engine started
[10:27:31] [Client thread/INFO]: Created: 1024x512 textures-atlas
[10:27:32] [Client thread/WARN]: Skipping bad option: lastServer:
[10:27:33] [Realms Notification Availability checker #1/INFO]: Could not authorize you against Realms server: Invalid session id
[10:27:37] [Server thread/INFO]: Starting integrated minecraft server version 1.10.2
[10:27:37] [Server thread/INFO]: Generating keypair
[10:27:38] [Server thread/INFO]: Preparing start region for level 0
[10:27:39] [Server thread/INFO]: Preparing spawn area: 36%
[10:27:40] [Server thread/INFO]: Changing view distance to 12, from 10
[10:27:41] [Server thread/INFO]: Player679[local:E:1caeda0e] logged in with entity id 340 at (-320.0590154505301, 80.28271854438606, 404.81044495438726)
[10:27:41] [Server thread/INFO]: Player679 joined the game
[10:27:42] [Server thread/INFO]: Saving and pausing game...
[10:27:42] [Server thread/INFO]: Saving chunks for level 'Test'/Overworld
[10:27:42] [pool-2-thread-1/WARN]: Couldn't look up profile properties for com.mojang.authlib.GameProfile@328222f7[id=def15adf-07af-3672-a35b-fe69f139863f,name=Player679,properties={},legacy=false]
com.mojang.authlib.exceptions.AuthenticationException: The client has sent too many requests within a certain amount of time
	at com.mojang.authlib.yggdrasil.YggdrasilAuthenticationService.makeRequest(YggdrasilAuthenticationService.java:65) ~[YggdrasilAuthenticationService.class:?]
	at com.mojang.authlib.yggdrasil.YggdrasilMinecraftSessionService.fillGameProfile(YggdrasilMinecraftSessionService.java:175) [YggdrasilMinecraftSessionService.class:?]
	at com.mojang.authlib.yggdrasil.YggdrasilMinecraftSessionService$1.load(YggdrasilMinecraftSessionService.java:59) [YggdrasilMinecraftSessionService$1.class:?]
	at com.mojang.authlib.yggdrasil.YggdrasilMinecraftSessionService$1.load(YggdrasilMinecraftSessionService.java:56) [YggdrasilMinecraftSessionService$1.class:?]
	at com.google.common.cache.LocalCache$LoadingValueReference.loadFuture(LocalCache.java:3524) [guava-17.0.jar:?]
	at com.google.common.cache.LocalCache$Segment.loadSync(LocalCache.java:2317) [guava-17.0.jar:?]
	at com.google.common.cache.LocalCache$Segment.lockedGetOrLoad(LocalCache.java:2280) [guava-17.0.jar:?]
	at com.google.common.cache.LocalCache$Segment.get(LocalCache.java:2195) [guava-17.0.jar:?]
	at com.google.common.cache.LocalCache.get(LocalCache.java:3934) [guava-17.0.jar:?]
	at com.google.common.cache.LocalCache.getOrLoad(LocalCache.java:3938) [guava-17.0.jar:?]
	at com.google.common.cache.LocalCache$LocalLoadingCache.get(LocalCache.java:4821) [guava-17.0.jar:?]
	at com.google.common.cache.LocalCache$LocalLoadingCache.getUnchecked(LocalCache.java:4827) [guava-17.0.jar:?]
	at com.mojang.authlib.yggdrasil.YggdrasilMinecraftSessionService.fillProfileProperties(YggdrasilMinecraftSessionService.java:165) [YggdrasilMinecraftSessionService.class:?]
	at net.minecraft.client.Minecraft.getProfileProperties(Minecraft.java:3060) [Minecraft.class:?]
	at net.minecraft.client.resources.SkinManager$3.run(SkinManager.java:131) [SkinManager$3.class:?]
	at java.util.concurrent.Executors$RunnableAdapter.call(Unknown Source) [?:1.8.0_65]
	at java.util.concurrent.FutureTask.run(Unknown Source) [?:1.8.0_65]
	at java.util.concurrent.ThreadPoolExecutor.runWorker(Unknown Source) [?:1.8.0_65]
	at java.util.concurrent.ThreadPoolExecutor$Worker.run(Unknown Source) [?:1.8.0_65]
	at java.lang.Thread.run(Unknown Source) [?:1.8.0_65]
[10:27:42] [Server thread/INFO]: Saving chunks for level 'Test'/Nether
[10:27:42] [Server thread/INFO]: Saving chunks for level 'Test'/The End
[10:27:55] [Server thread/INFO]: Saving and pausing game...
[10:27:55] [Server thread/INFO]: Saving chunks for level 'Test'/Overworld
[10:27:56] [Server thread/INFO]: Saving chunks for level 'Test'/Nether
[10:27:56] [Server thread/INFO]: Saving chunks for level 'Test'/The End
[10:27:57] [Server thread/INFO]: Stopping server
[10:27:57] [Server thread/INFO]: Saving players
[10:27:57] [Server thread/INFO]: Saving worlds
[10:27:57] [Server thread/INFO]: Saving chunks for level 'Test'/Overworld
[10:27:57] [Server thread/INFO]: Saving chunks for level 'Test'/Nether
[10:27:57] [Server thread/INFO]: Saving chunks for level 'Test'/The End
[10:27:58] [Client thread/INFO]: Stopping!
[10:27:58] [Client thread/INFO]: SoundSystem shutting down...
[10:27:58] [Client thread/WARN]: Author: Paul Lamb, www.paulscode.com
